<?xml version="1.0" encoding="UTF-8"?>
<testng-results ignored="0" total="1" passed="1" failed="0" skipped="0">
  <reporter-output>
  </reporter-output>
  <suite started-at="2023-09-18T23:20:49 GMT" name="Default suite" finished-at="2023-09-18T23:21:42 GMT" duration-ms="52996">
    <groups>
    </groups>
    <test started-at="2023-09-18T23:20:49 GMT" name="Default test" finished-at="2023-09-18T23:21:42 GMT" duration-ms="52996">
      <class name="tests.TestLoginPage">
        <test-method is-config="true" signature="setup()[pri:0, instance:tests.TestLoginPage@6e0f5f7f]" started-at="2023-09-18T23:20:49 GMT" name="setup" finished-at="2023-09-18T23:21:05 GMT" duration-ms="16173" status="PASS">
          <reporter-output>
          </reporter-output>
        </test-method> <!-- setup -->
        <test-method signature="validEmailAndValidPassword()[pri:0, instance:tests.TestLoginPage@6e0f5f7f]" started-at="2023-09-18T23:21:05 GMT" name="validEmailAndValidPassword" finished-at="2023-09-18T23:21:42 GMT" duration-ms="36736" status="PASS">
          <reporter-output>
          </reporter-output>
        </test-method> <!-- validEmailAndValidPassword -->
        <test-method is-config="true" signature="teardown()[pri:0, instance:tests.TestLoginPage@6e0f5f7f]" started-at="2023-09-18T23:21:42 GMT" name="teardown" finished-at="2023-09-18T23:21:42 GMT" duration-ms="174" status="PASS">
          <reporter-output>
          </reporter-output>
        </test-method> <!-- teardown -->
      </class> <!-- tests.TestLoginPage -->
    </test> <!-- Default test -->
  </suite> <!-- Default suite -->
</testng-results>
